<?xml version="1.0" encoding="UTF-8"?>
<testng-results ignored="0" total="1" passed="1" failed="0" skipped="0">
  <reporter-output>
  </reporter-output>
  <suite started-at="2024-01-12T15:54:02 EST" name="Default suite" finished-at="2024-01-12T15:54:11 EST" duration-ms="9692">
    <groups>
    </groups>
    <test started-at="2024-01-12T15:54:02 EST" name="Default test" finished-at="2024-01-12T15:54:11 EST" duration-ms="9692">
      <class name="com.qa.Testcases.ProductSearchTest">
        <test-method is-config="true" signature="setup()[pri:0, instance:com.qa.Testcases.ProductSearchTest@4f83df68]" started-at="2024-01-12T15:54:02 EST" name="setup" finished-at="2024-01-12T15:54:07 EST" duration-ms="5543" status="PASS">
          <reporter-output>
          </reporter-output>
        </test-method> <!-- setup -->
        <test-method signature="searchProduct()[pri:0, instance:com.qa.Testcases.ProductSearchTest@4f83df68]" started-at="2024-01-12T15:54:07 EST" name="searchProduct" finished-at="2024-01-12T15:54:11 EST" duration-ms="4056" status="PASS">
          <reporter-output>
          </reporter-output>
        </test-method> <!-- searchProduct -->
      </class> <!-- com.qa.Testcases.ProductSearchTest -->
    </test> <!-- Default test -->
  </suite> <!-- Default suite -->
</testng-results>
